<?xml version="1.0" encoding="UTF-8"?>
<!-- Generated by org.testng.reporters.JUnitXMLReporter -->
<testsuite ignored="2" hostname="Anmol-PC" failures="1" tests="4" name="Test" time="85.817" errors="0" timestamp="2022-09-11T10:38:02 IST">
  <testcase classname="testcases.HomeTest" name="Test1" time="0.015"/>
  <testcase classname="testcases.SimplilearnLoginTest" name="Test1" time="16.953"/>
  <testcase classname="testcases.SimplilearnLoginTest" name="Test2" time="13.76"/>
  <testcase classname="testcases.SimplilearnLoginTest" name="Test3" time="0.003">
    <failure type="java.lang.NullPointerException" message="Cannot invoke &amp;quot;org.apache.poi.xssf.usermodel.XSSFSheet.getRow(int)&amp;quot; because &amp;quot;this.sheet&amp;quot; is null">
      <![CDATA[java.lang.NullPointerException: Cannot invoke "org.apache.poi.xssf.usermodel.XSSFSheet.getRow(int)" because "this.sheet" is null
at testcases.SimplilearnLoginTest.Test3(SimplilearnLoginTest.java:53)
at java.base/java.util.ArrayList.forEach(ArrayList.java:1511)
... Removed 27 stack frames]]>
    </failure>
  </testcase> <!-- Test3 -->
  <testcase classname="testcases.BaseClass" name="@AfterTest DataClean" time="0.0">
    <ignored/>
  </testcase> <!-- @AfterTest DataClean -->
  <testcase classname="testcases.BaseClass" name="@BeforeTest DataSetup" time="0.0">
    <ignored/>
  </testcase> <!-- @BeforeTest DataSetup -->
</testsuite> <!-- Test -->
