<?xml version="1.0" encoding="UTF-8"?>
<!-- Generated by org.testng.reporters.JUnitXMLReporter -->
<testsuite ignored="0" hostname="Anmol-PC" failures="0" tests="3" name="Test" time="80.738" errors="0" timestamp="2022-09-18T10:22:14 IST">
  <testcase classname="testcases.SimplilearnLoginTest" name="Test1" time="15.441"/>
  <testcase classname="testcases.SimplilearnLoginTest" name="Test2" time="8.134"/>
  <testcase classname="testcases.SimplilearnLoginTest" name="Test3" time="14.878"/>
</testsuite> <!-- Test -->
