<?xml version="1.0" encoding="UTF-8"?>
<!-- Generated by org.testng.reporters.JUnitXMLReporter -->
<testsuite hostname="Anmol-PC" ignored="0" name="Test" tests="3" failures="0" timestamp="2022-09-18T11:55:25 IST" time="82.849" errors="0">
  <testcase name="Test1" time="13.935" classname="testcases.SimplilearnLoginTest"/>
  <testcase name="Test2" time="14.333" classname="testcases.SimplilearnLoginTest"/>
  <testcase name="Test3" time="10.222" classname="testcases.SimplilearnLoginTest"/>
</testsuite> <!-- Test -->
