<?xml version="1.0" encoding="UTF-8"?>
<!-- Generated by org.testng.reporters.JUnitXMLReporter -->
<testsuite hostname="Anmol-PC" ignored="0" name="Test" tests="3" failures="0" timestamp="2022-09-10T12:59:17 IST" time="97.203" errors="0">
  <testcase name="Test1" time="0.007" classname="testcases.HomeTest"/>
  <testcase name="Test1" time="25.218" classname="testcases.SimplilearnLoginTest"/>
  <testcase name="Test2" time="16.706" classname="testcases.SimplilearnLoginTest"/>
</testsuite> <!-- Test -->
