<?xml version="1.0" encoding="UTF-8"?>
<testng-results skipped="0" failed="0" ignored="0" total="3" passed="3">
  <reporter-output>
  </reporter-output>
  <suite name="Suite" duration-ms="82849" started-at="2022-09-18T11:54:02 IST" finished-at="2022-09-18T11:55:25 IST">
    <groups>
    </groups>
    <test name="Test" duration-ms="82849" started-at="2022-09-18T11:54:02 IST" finished-at="2022-09-18T11:55:25 IST">
      <class name="testcases.SimplilearnLoginTest">
        <test-method status="PASS" signature="DataSetup()[pri:0, instance:testcases.SimplilearnLoginTest@2781e022]" name="DataSetup" is-config="true" duration-ms="1881" started-at="2022-09-18T11:54:02 IST" finished-at="2022-09-18T11:54:04 IST">
          <reporter-output>
          </reporter-output>
        </test-method> <!-- DataSetup -->
        <test-method status="PASS" signature="Setup(java.lang.reflect.Method)[pri:0, instance:testcases.SimplilearnLoginTest@2781e022]" name="Setup" is-config="true" duration-ms="20386" started-at="2022-09-18T11:54:04 IST" finished-at="2022-09-18T11:54:25 IST">
          <params>
            <param index="0">
              <value>
                <![CDATA[public void testcases.SimplilearnLoginTest.Test1()]]>
              </value>
            </param>
          </params>
          <reporter-output>
          </reporter-output>
        </test-method> <!-- Setup -->
        <test-method status="PASS" signature="Test1()[pri:0, instance:testcases.SimplilearnLoginTest@2781e022]" name="Test1" duration-ms="13935" started-at="2022-09-18T11:54:25 IST" finished-at="2022-09-18T11:54:39 IST">
          <reporter-output>
          </reporter-output>
        </test-method> <!-- Test1 -->
        <test-method status="PASS" signature="TearDown()[pri:0, instance:testcases.SimplilearnLoginTest@2781e022]" name="TearDown" is-config="true" duration-ms="2760" started-at="2022-09-18T11:54:39 IST" finished-at="2022-09-18T11:54:41 IST">
          <reporter-output>
          </reporter-output>
        </test-method> <!-- TearDown -->
        <test-method status="PASS" signature="Setup(java.lang.reflect.Method)[pri:0, instance:testcases.SimplilearnLoginTest@2781e022]" name="Setup" is-config="true" duration-ms="9575" started-at="2022-09-18T11:54:41 IST" finished-at="2022-09-18T11:54:51 IST">
          <params>
            <param index="0">
              <value>
                <![CDATA[public void testcases.SimplilearnLoginTest.Test2(java.lang.String,java.lang.String)]]>
              </value>
            </param>
          </params>
          <reporter-output>
          </reporter-output>
        </test-method> <!-- Setup -->
        <test-method status="PASS" signature="Test2(java.lang.String,java.lang.String)[pri:0, instance:testcases.SimplilearnLoginTest@2781e022]" name="Test2" duration-ms="14333" started-at="2022-09-18T11:54:51 IST" finished-at="2022-09-18T11:55:05 IST">
          <params>
            <param index="0">
              <value>
                <![CDATA[abc@xyz.com]]>
              </value>
            </param>
            <param index="1">
              <value>
                <![CDATA[Abc@1234]]>
              </value>
            </param>
          </params>
          <reporter-output>
          </reporter-output>
        </test-method> <!-- Test2 -->
        <test-method status="PASS" signature="TearDown()[pri:0, instance:testcases.SimplilearnLoginTest@2781e022]" name="TearDown" is-config="true" duration-ms="368" started-at="2022-09-18T11:55:05 IST" finished-at="2022-09-18T11:55:06 IST">
          <reporter-output>
          </reporter-output>
        </test-method> <!-- TearDown -->
        <test-method status="PASS" signature="Setup(java.lang.reflect.Method)[pri:0, instance:testcases.SimplilearnLoginTest@2781e022]" name="Setup" is-config="true" duration-ms="8105" started-at="2022-09-18T11:55:06 IST" finished-at="2022-09-18T11:55:14 IST">
          <params>
            <param index="0">
              <value>
                <![CDATA[public void testcases.SimplilearnLoginTest.Test3()]]>
              </value>
            </param>
          </params>
          <reporter-output>
          </reporter-output>
        </test-method> <!-- Setup -->
        <test-method status="PASS" signature="Test3()[pri:0, instance:testcases.SimplilearnLoginTest@2781e022]" name="Test3" duration-ms="10222" started-at="2022-09-18T11:55:14 IST" finished-at="2022-09-18T11:55:24 IST">
          <reporter-output>
          </reporter-output>
        </test-method> <!-- Test3 -->
        <test-method status="PASS" signature="TearDown()[pri:0, instance:testcases.SimplilearnLoginTest@2781e022]" name="TearDown" is-config="true" duration-ms="376" started-at="2022-09-18T11:55:24 IST" finished-at="2022-09-18T11:55:24 IST">
          <reporter-output>
          </reporter-output>
        </test-method> <!-- TearDown -->
        <test-method status="PASS" signature="DataClean()[pri:0, instance:testcases.SimplilearnLoginTest@2781e022]" name="DataClean" is-config="true" duration-ms="819" started-at="2022-09-18T11:55:24 IST" finished-at="2022-09-18T11:55:25 IST">
          <reporter-output>
          </reporter-output>
        </test-method> <!-- DataClean -->
      </class> <!-- testcases.SimplilearnLoginTest -->
    </test> <!-- Test -->
  </suite> <!-- Suite -->
</testng-results>
