<?xml version="1.0" encoding="UTF-8"?>
<testng-results skipped="0" failed="0" ignored="0" total="3" passed="3">
  <reporter-output>
  </reporter-output>
  <suite name="Suite" duration-ms="97203" started-at="2022-09-10T12:57:40 IST" finished-at="2022-09-10T12:59:17 IST">
    <groups>
    </groups>
    <test name="Test" duration-ms="97203" started-at="2022-09-10T12:57:40 IST" finished-at="2022-09-10T12:59:17 IST">
      <class name="testcases.HomeTest">
        <test-method status="PASS" signature="Setup()[pri:0, instance:testcases.HomeTest@cd2dae5]" name="Setup" is-config="true" duration-ms="24312" started-at="2022-09-10T12:57:40 IST" finished-at="2022-09-10T12:58:05 IST">
          <reporter-output>
          </reporter-output>
        </test-method> <!-- Setup -->
        <test-method status="PASS" signature="Test1()[pri:0, instance:testcases.HomeTest@cd2dae5]" name="Test1" duration-ms="7" started-at="2022-09-10T12:58:05 IST" finished-at="2022-09-10T12:58:05 IST">
          <reporter-output>
          </reporter-output>
        </test-method> <!-- Test1 -->
        <test-method status="PASS" signature="TearDown()[pri:0, instance:testcases.HomeTest@cd2dae5]" name="TearDown" is-config="true" duration-ms="2735" started-at="2022-09-10T12:58:05 IST" finished-at="2022-09-10T12:58:07 IST">
          <reporter-output>
          </reporter-output>
        </test-method> <!-- TearDown -->
      </class> <!-- testcases.HomeTest -->
      <class name="testcases.SimplilearnLoginTest">
        <test-method status="PASS" signature="Setup()[pri:0, instance:testcases.SimplilearnLoginTest@396f6598]" name="Setup" is-config="true" duration-ms="10579" started-at="2022-09-10T12:58:07 IST" finished-at="2022-09-10T12:58:18 IST">
          <reporter-output>
          </reporter-output>
        </test-method> <!-- Setup -->
        <test-method status="PASS" signature="Test1()[pri:0, instance:testcases.SimplilearnLoginTest@396f6598]" name="Test1" duration-ms="25218" started-at="2022-09-10T12:58:18 IST" finished-at="2022-09-10T12:58:43 IST">
          <reporter-output>
          </reporter-output>
        </test-method> <!-- Test1 -->
        <test-method status="PASS" signature="TearDown()[pri:0, instance:testcases.SimplilearnLoginTest@396f6598]" name="TearDown" is-config="true" duration-ms="2658" started-at="2022-09-10T12:58:43 IST" finished-at="2022-09-10T12:58:46 IST">
          <reporter-output>
          </reporter-output>
        </test-method> <!-- TearDown -->
        <test-method status="PASS" signature="Setup()[pri:0, instance:testcases.SimplilearnLoginTest@396f6598]" name="Setup" is-config="true" duration-ms="14191" started-at="2022-09-10T12:58:46 IST" finished-at="2022-09-10T12:59:00 IST">
          <reporter-output>
          </reporter-output>
        </test-method> <!-- Setup -->
        <test-method status="PASS" signature="Test2()[pri:0, instance:testcases.SimplilearnLoginTest@396f6598]" name="Test2" duration-ms="16706" started-at="2022-09-10T12:59:00 IST" finished-at="2022-09-10T12:59:17 IST">
          <reporter-output>
          </reporter-output>
        </test-method> <!-- Test2 -->
        <test-method status="PASS" signature="TearDown()[pri:0, instance:testcases.SimplilearnLoginTest@396f6598]" name="TearDown" is-config="true" duration-ms="701" started-at="2022-09-10T12:59:17 IST" finished-at="2022-09-10T12:59:17 IST">
          <reporter-output>
          </reporter-output>
        </test-method> <!-- TearDown -->
      </class> <!-- testcases.SimplilearnLoginTest -->
    </test> <!-- Test -->
  </suite> <!-- Suite -->
</testng-results>
